Determining if the pthread_create exist failed with the following output:
Change Dir: /home/user/workspace/sos/SOSvr/build/CMakeFiles/CMakeTmp

Run Build Command:/usr/bin/make "cmTryCompileExec3812119465/fast"
/usr/bin/make -f CMakeFiles/cmTryCompileExec3812119465.dir/build.make CMakeFiles/cmTryCompileExec3812119465.dir/build
make[1]: Entering directory `/home/user/workspace/sos/SOSvr/build/CMakeFiles/CMakeTmp'
/usr/bin/cmake -E cmake_progress_report /home/user/workspace/sos/SOSvr/build/CMakeFiles/CMakeTmp/CMakeFiles 1
Building C object CMakeFiles/cmTryCompileExec3812119465.dir/CheckSymbolExists.c.o
/usr/bin/cc    -o CMakeFiles/cmTryCompileExec3812119465.dir/CheckSymbolExists.c.o   -c /home/user/workspace/sos/SOSvr/build/CMakeFiles/CMakeTmp/CheckSymbolExists.c
Linking C executable cmTryCompileExec3812119465
/usr/bin/cmake -E cmake_link_script CMakeFiles/cmTryCompileExec3812119465.dir/link.txt --verbose=1
/usr/bin/cc       CMakeFiles/cmTryCompileExec3812119465.dir/CheckSymbolExists.c.o  -o cmTryCompileExec3812119465 -rdynamic 
CMakeFiles/cmTryCompileExec3812119465.dir/CheckSymbolExists.c.o: In function `main':
CheckSymbolExists.c:(.text+0x16): undefined reference to `pthread_create'
collect2: error: ld returned 1 exit status
make[1]: *** [cmTryCompileExec3812119465] Error 1
make[1]: Leaving directory `/home/user/workspace/sos/SOSvr/build/CMakeFiles/CMakeTmp'
make: *** [cmTryCompileExec3812119465/fast] Error 2

File /home/user/workspace/sos/SOSvr/build/CMakeFiles/CMakeTmp/CheckSymbolExists.c:
/* */
#include <pthread.h>

int main(int argc, char** argv)
{
  (void)argv;
#ifndef pthread_create
  return ((int*)(&pthread_create))[argc];
#else
  (void)argc;
  return 0;
#endif
}

Determining if the function pthread_create exists in the pthreads failed with the following output:
Change Dir: /home/user/workspace/sos/SOSvr/build/CMakeFiles/CMakeTmp

Run Build Command:/usr/bin/make "cmTryCompileExec491931258/fast"
/usr/bin/make -f CMakeFiles/cmTryCompileExec491931258.dir/build.make CMakeFiles/cmTryCompileExec491931258.dir/build
make[1]: Entering directory `/home/user/workspace/sos/SOSvr/build/CMakeFiles/CMakeTmp'
/usr/bin/cmake -E cmake_progress_report /home/user/workspace/sos/SOSvr/build/CMakeFiles/CMakeTmp/CMakeFiles 1
Building C object CMakeFiles/cmTryCompileExec491931258.dir/CheckFunctionExists.c.o
/usr/bin/cc   -DCHECK_FUNCTION_EXISTS=pthread_create   -o CMakeFiles/cmTryCompileExec491931258.dir/CheckFunctionExists.c.o   -c /usr/share/cmake-2.8/Modules/CheckFunctionExists.c
Linking C executable cmTryCompileExec491931258
/usr/bin/cmake -E cmake_link_script CMakeFiles/cmTryCompileExec491931258.dir/link.txt --verbose=1
/usr/bin/cc   -DCHECK_FUNCTION_EXISTS=pthread_create    CMakeFiles/cmTryCompileExec491931258.dir/CheckFunctionExists.c.o  -o cmTryCompileExec491931258 -rdynamic -lpthreads 
/usr/bin/ld: cannot find -lpthreads
collect2: error: ld returned 1 exit status
make[1]: *** [cmTryCompileExec491931258] Error 1
make[1]: Leaving directory `/home/user/workspace/sos/SOSvr/build/CMakeFiles/CMakeTmp'
make: *** [cmTryCompileExec491931258/fast] Error 2


